This is pdfTeX, Version 3.1415926-2.3-1.40.12 (MiKTeX 2.9) (preloaded format=pdflatex 2016.11.22)  7 DEC 2016 09:47
entering extended mode
**E:/浙江大学文件/数据结构基础/Project2/documents/analysis_and_comm
ents.tex

(E:/浙江大学文件/数据结构基础/Project2/documents/analysis_and_comme
nts.tex
LaTeX2e <2011/06/27>
Babel <v3.8m> and hyphenation patterns for loaded.
! Undefined control sequence.
l.1 \chapter
            {Analysis and Comments}
? 
! Emergency stop.
l.1 \chapter
            {Analysis and Comments}
End of file on the terminal!

 
Here is how much of TeX's memory you used:
 7 strings out of 495354
 337 string characters out of 3183858
 44842 words of memory out of 3000000
 3276 multiletter control sequences out of 15000+200000
 3640 words of font info for 14 fonts, out of 3000000 for 9000
 14 hyphenation exceptions out of 8191
 5i,0n,1p,120b,8s stack positions out of 5000i,500n,10000p,200000b,50000s
!  ==> Fatal error occurred, no output PDF file produced!
